[debug] [2023-04-02T20:28:03.674Z] ----------------------------------------------------------------------
[debug] [2023-04-02T20:28:03.676Z] Command:       /opt/homebrew/Cellar/node/19.8.1/bin/node /opt/homebrew/bin/firebase init
[debug] [2023-04-02T20:28:03.677Z] CLI Version:   11.25.2
[debug] [2023-04-02T20:28:03.677Z] Platform:      darwin
[debug] [2023-04-02T20:28:03.677Z] Node Version:  v19.8.1
[debug] [2023-04-02T20:28:03.677Z] Time:          Sun Apr 02 2023 16:28:03 GMT-0400 (Eastern Daylight Time)
[debug] [2023-04-02T20:28:03.677Z] ----------------------------------------------------------------------
[debug] 
[debug] [2023-04-02T20:28:03.730Z] > command requires scopes: ["email","openid","https://www.googleapis.com/auth/cloudplatformprojects.readonly","https://www.googleapis.com/auth/firebase","https://www.googleapis.com/auth/cloud-platform"]
[debug] [2023-04-02T20:28:03.730Z] > authorizing via signed-in user (lars.ankile@gmail.com)
[info] 
     ######## #### ########  ######## ########     ###     ######  ########
     ##        ##  ##     ## ##       ##     ##  ##   ##  ##       ##
     ######    ##  ########  ######   ########  #########  ######  ######
     ##        ##  ##    ##  ##       ##     ## ##     ##       ## ##
     ##       #### ##     ## ######## ########  ##     ##  ######  ########

You're about to initialize a Firebase project in this directory:

  /Users/larsankile/Code/ineedajob

Before we get started, keep in mind:

  * You are initializing within an existing Firebase project directory

[info] 
=== Project Setup
[info] 
[info] First, let's associate this project directory with a Firebase project.
[info] You can create multiple project aliases by running firebase use --add, 
[info] but for now we'll just set up a default project.
[info] 
[debug] [2023-04-02T20:28:23.604Z] Using project from CLI flag: i-need-a-job
[debug] [2023-04-02T20:28:23.615Z] > refreshing access token with scopes: []
[debug] [2023-04-02T20:28:23.619Z] >>> [apiv2][query] POST https://www.googleapis.com/oauth2/v3/token [none]
[debug] [2023-04-02T20:28:23.619Z] >>> [apiv2][body] POST https://www.googleapis.com/oauth2/v3/token [omitted]
[debug] [2023-04-02T20:28:23.753Z] <<< [apiv2][status] POST https://www.googleapis.com/oauth2/v3/token 200
[debug] [2023-04-02T20:28:23.753Z] <<< [apiv2][body] POST https://www.googleapis.com/oauth2/v3/token [omitted]
[debug] [2023-04-02T20:28:23.762Z] >>> [apiv2][query] GET https://firebase.googleapis.com/v1beta1/projects/i-need-a-job [none]
[debug] [2023-04-02T20:28:24.314Z] <<< [apiv2][status] GET https://firebase.googleapis.com/v1beta1/projects/i-need-a-job 200
[debug] [2023-04-02T20:28:24.314Z] <<< [apiv2][body] GET https://firebase.googleapis.com/v1beta1/projects/i-need-a-job {"projectId":"i-need-a-job","projectNumber":"691873428802","displayName":"i-need-a-job","name":"projects/i-need-a-job","resources":{"hostingSite":"i-need-a-job","storageBucket":"i-need-a-job.appspot.com","locationId":"us-central"},"state":"ACTIVE","etag":"1_66eacabf-f589-4971-b4b8-50db35507f7f"}
[info] i  Using project i-need-a-job (i-need-a-job) 
[info] 
=== Firestore Setup
[debug] [2023-04-02T20:28:24.322Z] >>> [apiv2][query] GET https://serviceusage.googleapis.com/v1/projects/i-need-a-job/services/firestore.googleapis.com [none]
[debug] [2023-04-02T20:28:24.322Z] >>> [apiv2][(partial)header] GET https://serviceusage.googleapis.com/v1/projects/i-need-a-job/services/firestore.googleapis.com x-goog-quota-user=projects/i-need-a-job
[debug] [2023-04-02T20:28:24.792Z] <<< [apiv2][status] GET https://serviceusage.googleapis.com/v1/projects/i-need-a-job/services/firestore.googleapis.com 200
[debug] [2023-04-02T20:28:24.792Z] <<< [apiv2][body] GET https://serviceusage.googleapis.com/v1/projects/i-need-a-job/services/firestore.googleapis.com [omitted]
[debug] [2023-04-02T20:28:24.793Z] >>> [apiv2][query] GET https://firestore.googleapis.com/v1/projects/i-need-a-job/databases/(default) [none]
[debug] [2023-04-02T20:28:25.153Z] <<< [apiv2][status] GET https://firestore.googleapis.com/v1/projects/i-need-a-job/databases/(default) 200
[debug] [2023-04-02T20:28:25.154Z] <<< [apiv2][body] GET https://firestore.googleapis.com/v1/projects/i-need-a-job/databases/(default) {"name":"projects/i-need-a-job/databases/(default)","uid":"ff7c6e4e-7256-459f-b3d8-3da9926edb73","createTime":"2023-04-01T16:18:44.669536Z","updateTime":"2023-04-01T16:18:44.669536Z","locationId":"nam5","type":"FIRESTORE_NATIVE","concurrencyMode":"PESSIMISTIC","appEngineIntegrationMode":"ENABLED","keyPrefix":"s","deleteProtectionState":"DELETE_PROTECTION_DISABLED","etag":"IPbdnMaEjP4CMIzIsqqMif4C"}
[debug] [2023-04-02T20:28:25.154Z] database_type: FIRESTORE_NATIVE
[debug] [2023-04-02T20:28:25.155Z] > command requires scopes: ["email","openid","https://www.googleapis.com/auth/cloudplatformprojects.readonly","https://www.googleapis.com/auth/firebase","https://www.googleapis.com/auth/cloud-platform"]
[debug] [2023-04-02T20:28:25.155Z] > authorizing via signed-in user (lars.ankile@gmail.com)
[debug] [2023-04-02T20:28:25.155Z] [iam] checking project i-need-a-job for permissions ["firebase.projects.get"]
[debug] [2023-04-02T20:28:25.156Z] >>> [apiv2][query] POST https://cloudresourcemanager.googleapis.com/v1/projects/i-need-a-job:testIamPermissions [none]
[debug] [2023-04-02T20:28:25.156Z] >>> [apiv2][(partial)header] POST https://cloudresourcemanager.googleapis.com/v1/projects/i-need-a-job:testIamPermissions x-goog-quota-user=projects/i-need-a-job
[debug] [2023-04-02T20:28:25.156Z] >>> [apiv2][body] POST https://cloudresourcemanager.googleapis.com/v1/projects/i-need-a-job:testIamPermissions {"permissions":["firebase.projects.get"]}
[debug] [2023-04-02T20:28:25.394Z] <<< [apiv2][status] POST https://cloudresourcemanager.googleapis.com/v1/projects/i-need-a-job:testIamPermissions 200
[debug] [2023-04-02T20:28:25.394Z] <<< [apiv2][body] POST https://cloudresourcemanager.googleapis.com/v1/projects/i-need-a-job:testIamPermissions {"permissions":["firebase.projects.get"]}
[info] 
[info] Firestore Security Rules allow you to define how and when to allow
[info] requests. You can keep these rules in your project directory
[info] and publish them with firebase deploy.
[info] 
[debug] [2023-04-02T20:28:49.159Z] >>> [apiv2][query] GET https://firebaserules.googleapis.com/v1/projects/i-need-a-job/releases pageSize=10&pageToken=
[debug] [2023-04-02T20:28:49.397Z] <<< [apiv2][status] GET https://firebaserules.googleapis.com/v1/projects/i-need-a-job/releases 200
[debug] [2023-04-02T20:28:49.397Z] <<< [apiv2][body] GET https://firebaserules.googleapis.com/v1/projects/i-need-a-job/releases {"releases":[{"name":"projects/i-need-a-job/releases/firebase.storage/i-need-a-job.appspot.com","rulesetName":"projects/i-need-a-job/rulesets/3c8aa71c-88e9-402c-833c-28309a6cd3a0","createTime":"2023-04-01T16:19:00.687376Z","updateTime":"2023-04-01T17:07:29.952547Z"}]}
[debug] [2023-04-02T20:28:49.398Z] No rulesets found, using default.
[info] 
[info] Firestore indexes allow you to perform complex queries while
[info] maintaining performance that scales with the size of the result
[info] set. You can keep index definitions in your project directory
[info] and publish them with firebase deploy.
[info] 
[debug] [2023-04-02T20:29:00.042Z] >>> [apiv2][query] GET https://firestore.googleapis.com/v1/projects/i-need-a-job/databases/(default)/collectionGroups/-/indexes [none]
[debug] [2023-04-02T20:29:00.056Z] >>> [apiv2][query] GET https://firestore.googleapis.com/v1/projects/i-need-a-job/databases/(default)/collectionGroups/-/fields?filter=indexConfig.usesAncestorConfig=false OR ttlConfig:* [none]
[debug] [2023-04-02T20:29:00.430Z] <<< [apiv2][status] GET https://firestore.googleapis.com/v1/projects/i-need-a-job/databases/(default)/collectionGroups/-/fields?filter=indexConfig.usesAncestorConfig=false OR ttlConfig:* 200
[debug] [2023-04-02T20:29:00.431Z] <<< [apiv2][body] GET https://firestore.googleapis.com/v1/projects/i-need-a-job/databases/(default)/collectionGroups/-/fields?filter=indexConfig.usesAncestorConfig=false OR ttlConfig:* {"fields":[{"name":"projects/i-need-a-job/databases/(default)/collectionGroups/__default__/fields/*","indexConfig":{"indexes":[{"queryScope":"COLLECTION","fields":[{"fieldPath":"*","order":"ASCENDING"}],"state":"READY"},{"queryScope":"COLLECTION","fields":[{"fieldPath":"*","order":"DESCENDING"}],"state":"READY"},{"queryScope":"COLLECTION","fields":[{"fieldPath":"*","arrayConfig":"CONTAINS"}],"state":"READY"}]}}]}
[debug] [2023-04-02T20:29:00.431Z] <<< [apiv2][status] GET https://firestore.googleapis.com/v1/projects/i-need-a-job/databases/(default)/collectionGroups/-/indexes 200
[debug] [2023-04-02T20:29:00.432Z] <<< [apiv2][body] GET https://firestore.googleapis.com/v1/projects/i-need-a-job/databases/(default)/collectionGroups/-/indexes {}
[info] 
=== Hosting Setup
[info] 
[info] Your public directory is the folder (relative to your project directory) that
[info] will contain Hosting assets to be uploaded with firebase deploy. If you
[info] have a build process for your assets, use your build's output directory.
[info] 
